[2026-04-25 05:42:43,164] numexpr.utils - INFO - NumExpr defaulting to 12 threads.
[2026-04-25 05:42:47,330] root - INFO - >>>>>>>>>>>>>>>>>>>>>>>>>>>>>>>>>>>>>>>>Data Ingestion log started.<<<<<<<<<<<<<<<<<<<<<<<<<<<<<<<<<<<<<<<<
[2026-04-25 05:42:47,330] root - INFO - Starting data ingestion
[2026-04-25 05:43:00,078] pymongo.serverSelection - INFO - {"message": "Waiting for suitable server to become available", "selector": "Primary()", "operation": "find", "topologyDescription": "<TopologyDescription id: 69ec070c197f979ad8768429, topology_type: ReplicaSetNoPrimary, servers: [<ServerDescription ('ac-riidhfq-shard-00-00.vu4tnxt.mongodb.net', 27017) server_type: Unknown, rtt: None>, <ServerDescription ('ac-riidhfq-shard-00-01.vu4tnxt.mongodb.net', 27017) server_type: Unknown, rtt: None>, <ServerDescription ('ac-riidhfq-shard-00-02.vu4tnxt.mongodb.net', 27017) server_type: Unknown, rtt: None>]>", "clientId": {"$oid": "69ec070c197f979ad8768429"}, "remainingTimeMS": 29}
[2026-04-25 05:43:08,164] root - INFO - Dataframe created with columns: Index(['id', 'NumDots', 'SubdomainLevel', 'PathLevel', 'UrlLength', 'NumDash',
       'NumDashInHostname', 'AtSymbol', 'TildeSymbol', 'NumUnderscore',
       'NumPercent', 'NumQueryComponents', 'NumAmpersand', 'NumHash',
       'NumNumericChars', 'NoHttps', 'RandomString', 'IpAddress',
       'DomainInSubdomains', 'DomainInPaths', 'HttpsInHostname',
       'HostnameLength', 'PathLength', 'QueryLength', 'DoubleSlashInPath',
       'NumSensitiveWords', 'EmbeddedBrandName', 'PctExtHyperlinks',
       'PctExtResourceUrls', 'ExtFavicon', 'InsecureForms',
       'RelativeFormAction', 'ExtFormAction', 'AbnormalFormAction',
       'PctNullSelfRedirectHyperlinks', 'FrequentDomainNameMismatch',
       'FakeLinkInStatusBar', 'RightClickDisabled', 'PopUpWindow',
       'SubmitInfoToEmail', 'IframeOrFrame', 'MissingTitle',
       'ImagesOnlyInForm', 'SubdomainLevelRT', 'UrlLengthRT',
       'PctExtResourceUrlsRT', 'AbnormalExtFormActionR', 'ExtMetaScriptLinkRT',
       'PctExtNullSelfRedirectHyperlinksRT', 'CLASS_LABEL'],
      dtype='object')
[2026-04-25 05:43:08,794] root - INFO - Dataframe exported to feature store file: C:\Users\ASUS\Desktop\NETWORKSECURITY\Artifacts\data_ingestion\feature_store\Phishing_Legitmate_full.csv
[2026-04-25 05:43:09,479] root - INFO - Data split into train and test sets. Train file: C:\Users\ASUS\Desktop\NETWORKSECURITY\Artifacts\data_ingestion\ingested\train.csv, Test file: C:\Users\ASUS\Desktop\NETWORKSECURITY\Artifacts\data_ingestion\ingested\test.csv
[2026-04-25 05:43:09,481] root - INFO - >>>>>>>>>>>>>>>>>>>>>>>>>>>>>>>>>>>>>>>> Data Validation Started <<<<<<<<<<<<<<<<<<<<<<<<<<<<<<<<<<<<<<<<
[2026-04-25 05:43:09,590] root - INFO - Expected columns: 50
[2026-04-25 05:43:09,590] root - INFO - Actual columns: 50
[2026-04-25 05:43:09,590] root - INFO - Expected columns: 50
[2026-04-25 05:43:09,590] root - INFO - Actual columns: 50
[2026-04-25 05:43:10,517] root - INFO - Data Validation Completed: DataValidationArtifact(validation_status=True, valid_train_file_path='C:\\Users\\ASUS\\Desktop\\NETWORKSECURITY\\Artifacts\\data_validation\\valid\\train.csv', valid_test_file_path='C:\\Users\\ASUS\\Desktop\\NETWORKSECURITY\\Artifacts\\data_validation\\valid\\test.csv', invalid_train_file_path='C:\\Users\\ASUS\\Desktop\\NETWORKSECURITY\\Artifacts\\data_validation\\invalid\\train.csv', invalid_test_file_path='C:\\Users\\ASUS\\Desktop\\NETWORKSECURITY\\Artifacts\\data_validation\\invalid\\test.csv', drift_report_file_path='C:\\Users\\ASUS\\Desktop\\NETWORKSECURITY\\Artifacts\\data_validation\\drift_report\\drift_report\\report.yaml')
[2026-04-25 05:43:10,520] root - INFO - >>>>>>>>>>>>>>>>>>>>>>>>>>>>>>>>>>>>>>>> Data Transformation <<<<<<<<<<<<<<<<<<<<<<<<<<<<<<<<<<<<<<<<
[2026-04-25 05:43:10,521] root - INFO - Reading validated train and test data
