[2026-04-25 05:07:51,063] numexpr.utils - INFO - NumExpr defaulting to 12 threads.
[2026-04-25 05:07:55,206] root - INFO - >>>>>>>>>>>>>>>>>>>>>>>>>>>>>>>>>>>>>>>>Data Ingestion log started.<<<<<<<<<<<<<<<<<<<<<<<<<<<<<<<<<<<<<<<<
[2026-04-25 05:07:55,207] root - INFO - Starting data ingestion
[2026-04-25 05:08:07,888] pymongo.serverSelection - INFO - {"message": "Waiting for suitable server to become available", "selector": "Primary()", "operation": "find", "topologyDescription": "<TopologyDescription id: 69ebfedfbd14a4d2b17d3d28, topology_type: ReplicaSetNoPrimary, servers: [<ServerDescription ('ac-riidhfq-shard-00-00.vu4tnxt.mongodb.net', 27017) server_type: Unknown, rtt: None>, <ServerDescription ('ac-riidhfq-shard-00-01.vu4tnxt.mongodb.net', 27017) server_type: Unknown, rtt: None>, <ServerDescription ('ac-riidhfq-shard-00-02.vu4tnxt.mongodb.net', 27017) server_type: Unknown, rtt: None>]>", "clientId": {"$oid": "69ebfedfbd14a4d2b17d3d28"}, "remainingTimeMS": 29}
[2026-04-25 05:08:13,231] root - INFO - Dataframe created with columns: Index(['id', 'NumDots', 'SubdomainLevel', 'PathLevel', 'UrlLength', 'NumDash',
       'NumDashInHostname', 'AtSymbol', 'TildeSymbol', 'NumUnderscore',
       'NumPercent', 'NumQueryComponents', 'NumAmpersand', 'NumHash',
       'NumNumericChars', 'NoHttps', 'RandomString', 'IpAddress',
       'DomainInSubdomains', 'DomainInPaths', 'HttpsInHostname',
       'HostnameLength', 'PathLength', 'QueryLength', 'DoubleSlashInPath',
       'NumSensitiveWords', 'EmbeddedBrandName', 'PctExtHyperlinks',
       'PctExtResourceUrls', 'ExtFavicon', 'InsecureForms',
       'RelativeFormAction', 'ExtFormAction', 'AbnormalFormAction',
       'PctNullSelfRedirectHyperlinks', 'FrequentDomainNameMismatch',
       'FakeLinkInStatusBar', 'RightClickDisabled', 'PopUpWindow',
       'SubmitInfoToEmail', 'IframeOrFrame', 'MissingTitle',
       'ImagesOnlyInForm', 'SubdomainLevelRT', 'UrlLengthRT',
       'PctExtResourceUrlsRT', 'AbnormalExtFormActionR', 'ExtMetaScriptLinkRT',
       'PctExtNullSelfRedirectHyperlinksRT', 'CLASS_LABEL'],
      dtype='object')
[2026-04-25 05:08:13,751] root - INFO - Dataframe exported to feature store file: C:\Users\ASUS\Desktop\NETWORKSECURITY\Artifacts\data_ingestion\feature_store\Phishing_Legitmate_full.csv
[2026-04-25 05:08:14,264] root - INFO - Data split into train and test sets. Train file: C:\Users\ASUS\Desktop\NETWORKSECURITY\Artifacts\data_ingestion\ingested\train.csv, Test file: C:\Users\ASUS\Desktop\NETWORKSECURITY\Artifacts\data_ingestion\ingested\test.csv
[2026-04-25 05:08:14,266] root - INFO - >>>>>>>>>>>>>>>>>>>>>>>>>>>>>>>>>>>>>>>> Data Validation Started <<<<<<<<<<<<<<<<<<<<<<<<<<<<<<<<<<<<<<<<
