[2026-04-22 23:01:49,229] numexpr.utils - INFO - NumExpr defaulting to 12 threads.
[2026-04-22 23:01:52,980] root - INFO - >>>>>>>>>>>>>>>>>>>>>>>>>>>>>>>>>>>>>>>>Data Ingestion log started.<<<<<<<<<<<<<<<<<<<<<<<<<<<<<<<<<<<<<<<<
[2026-04-22 23:01:52,980] root - INFO - Starting data ingestion
[2026-04-22 23:02:05,846] pymongo.serverSelection - INFO - {"message": "Waiting for suitable server to become available", "selector": "Primary()", "operation": "find", "topologyDescription": "<TopologyDescription id: 69e90615a2ec7520ea48cab5, topology_type: ReplicaSetNoPrimary, servers: [<ServerDescription ('ac-riidhfq-shard-00-00.vu4tnxt.mongodb.net', 27017) server_type: Unknown, rtt: None>, <ServerDescription ('ac-riidhfq-shard-00-01.vu4tnxt.mongodb.net', 27017) server_type: Unknown, rtt: None>, <ServerDescription ('ac-riidhfq-shard-00-02.vu4tnxt.mongodb.net', 27017) server_type: Unknown, rtt: None>]>", "clientId": {"$oid": "69e90615a2ec7520ea48cab5"}, "remainingTimeMS": 29}
[2026-04-22 23:03:38,639] root - INFO - Dataframe created with columns: Index(['id', 'NumDots', 'SubdomainLevel', 'PathLevel', 'UrlLength', 'NumDash',
       'NumDashInHostname', 'AtSymbol', 'TildeSymbol', 'NumUnderscore',
       'NumPercent', 'NumQueryComponents', 'NumAmpersand', 'NumHash',
       'NumNumericChars', 'NoHttps', 'RandomString', 'IpAddress',
       'DomainInSubdomains', 'DomainInPaths', 'HttpsInHostname',
       'HostnameLength', 'PathLength', 'QueryLength', 'DoubleSlashInPath',
       'NumSensitiveWords', 'EmbeddedBrandName', 'PctExtHyperlinks',
       'PctExtResourceUrls', 'ExtFavicon', 'InsecureForms',
       'RelativeFormAction', 'ExtFormAction', 'AbnormalFormAction',
       'PctNullSelfRedirectHyperlinks', 'FrequentDomainNameMismatch',
       'FakeLinkInStatusBar', 'RightClickDisabled', 'PopUpWindow',
       'SubmitInfoToEmail', 'IframeOrFrame', 'MissingTitle',
       'ImagesOnlyInForm', 'SubdomainLevelRT', 'UrlLengthRT',
       'PctExtResourceUrlsRT', 'AbnormalExtFormActionR', 'ExtMetaScriptLinkRT',
       'PctExtNullSelfRedirectHyperlinksRT', 'CLASS_LABEL'],
      dtype='object')
[2026-04-22 23:03:39,272] root - INFO - Dataframe exported to feature store file: C:\Users\ASUS\Desktop\NETWORKSECURITY\Artifacts\data_ingestion\feature_store\Phishing_Legitmate_full.csv
